INFO:root:[*] Craw : http://wiki.ioin.in/
INFO:root:[*] Craw : http://wiki.ioin.in/
INFO:root:[*] Craw : https://www.mkernel.com
INFO:root:[*] Craw : https://www.mkernel.com/?p=133
INFO:root:[*] Craw : https://www.mkernel.com/?tag=nvidia
INFO:root:[*] Craw : https://www.mkernel.com/?tag=writeup
INFO:root:[*] Craw : https://www.mkernel.com/?tag=paramiko
INFO:root:[*] Craw : https://www.mkernel.com/?tag=tensorflow
INFO:root:[*] Craw : https://www.mkernel.com/?paged=2
INFO:root:[*] Craw : https://www.mkernel.com/?p=152
INFO:root:[*] Craw : https://www.mkernel.com/?p=106#respond
INFO:root:[*] Craw : https://www.mkernel.com/?p=154
INFO:root:[*] Craw : https://www.mkernel.com/?tag=gpu
INFO:root:[*] Craw : https://www.mkernel.com/?tag=go
INFO:root:[*] Craw : https://www.mkernel.com/?p=97
INFO:root:[*] Craw : https://www.mkernel.com/?cat=38
INFO:root:[*] Craw : https://www.mkernel.com/?p=95
INFO:root:[*] Craw : https://www.mkernel.com/?tag=telegram
INFO:root:[*] Craw : https://www.mkernel.com/?cat=35
INFO:root:[*] Craw : https://www.mkernel.com/?tag=machine-learing
INFO:root:[*] Craw : https://www.mkernel.com/?p=12#respond
INFO:root:[*] Craw : https://www.mkernel.com/?p=95#respond
INFO:root:[*] Craw : https://www.mkernel.com/?tag=linux
INFO:root:[*] Craw : https://www.mkernel.com/?tag=pywin32
INFO:root:[*] Craw : https://www.mkernel.com/?p=122
INFO:root:[*] Craw : https://www.mkernel.com/?p=49#respond
INFO:root:[*] Craw : https://www.mkernel.com/?tag=ctf
INFO:root:[*] Craw : https://www.mkernel.com/?cat=6
INFO:root:[*] Craw : https://www.mkernel.com/?cat=4
INFO:root:[*] Craw : https://www.mkernel.com/?cat=5
INFO:root:[*] Craw : https://www.mkernel.com/?cat=3
INFO:root:[*] Craw : https://www.mkernel.com/?page_id=58
INFO:root:[*] Craw : https://www.mkernel.com/?tag=python
INFO:root:[*] Craw : https://www.mkernel.com/?p=122#respond
INFO:root:[*] Craw : https://www.mkernel.com/?p=12
INFO:root:[*] Craw : https://www.mkernel.com/?tag=macos
INFO:root:[*] Craw : https://www.mkernel.com/?p=117#respond
INFO:root:[*] Craw : https://www.mkernel.com/?p=133#respond
INFO:root:[*] Craw : https://www.mkernel.com/?tag=celery
INFO:root:[*] Craw : https://www.mkernel.com/?p=20#respond
INFO:root:[*] Craw : https://www.mkernel.com/?p=63#respond
INFO:root:[*] Craw : https://www.mkernel.com/?cat=25
INFO:root:[*] Craw : https://www.mkernel.com/?p=117
INFO:root:[*] Craw : https://www.mkernel.com/?p=97#respond
INFO:root:[*] Craw : https://www.mkernel.com/?tag=%e7%bd%91%e7%9b%98
INFO:root:[*] Craw : https://www.mkernel.com/wp-admin
INFO:root:[*] Craw : https://www.mkernel.com/?page_id=147
INFO:root:[*] Craw : https://www.mkernel.com/
INFO:root:[*] Craw : https://www.mkernel.com/?p=20
INFO:root:[*] Craw : https://www.mkernel.com/?tag=machine-learning
INFO:root:[*] Craw : https://www.mkernel.com/wp-content/uploads/2017/12/reboot.mp4
INFO:root:[*] Craw : https://www.mkernel.com/?attachment_id=136
INFO:root:[*] Craw : https://www.mkernel.com/?attachment_id=135
INFO:root:[*] Craw : https://www.mkernel.com/?attachment_id=134
INFO:root:[*] Craw : https://www.mkernel.com/?tag=web-security
INFO:root:[*] Craw : https://www.mkernel.com/?tag=knn
INFO:root:[*] Craw : https://www.mkernel.com/?tag=https%e8%af%81%e4%b9%a6
INFO:root:[*] Craw : https://www.mkernel.com/?p=101
INFO:root:[*] Craw : https://www.mkernel.com/?p=106
INFO:root:[*] Craw : https://www.mkernel.com/?tag=web-vulnerability-scanner
INFO:root:[*] Craw : https://www.mkernel.com/?p=143#respond
INFO:root:[*] Craw : https://www.mkernel.com/?tag=ssh-bruteforce
INFO:root:[*] Craw : https://www.mkernel.com/?attachment_id=135#respond
INFO:root:[*] Craw : https://www.mkernel.com/?tag=ics
INFO:root:[*] Craw : https://www.mkernel.com/?tag=web%e5%ae%89%e5%85%a8
INFO:root:[*] Craw : https://www.mkernel.com/?p=154#respond
INFO:root:[*] Craw : https://www.mkernel.com/?page_id=24
INFO:root:[*] Craw : https://www.mkernel.com/?feed=rss2
INFO:root:[*] Craw : https://www.mkernel.com/?p=49
INFO:root:[*] Craw : https://www.mkernel.com/?tag=open-source
INFO:root:[*] Craw : https://www.mkernel.com/?tag=flask
INFO:root:[*] Craw : https://www.mkernel.com/?tag=libnmap
INFO:root:[*] Craw : https://www.mkernel.com/?tag=zbar
INFO:root:[*] Craw : https://www.mkernel.com/?page_id=24#respond
INFO:root:[*] Craw : https://www.mkernel.com/wp-content/uploads/2017/12/cudnn.png
INFO:root:[*] Craw : https://www.mkernel.com/?p=87#respond
INFO:root:[*] Craw : https://www.mkernel.com/?tag=%e6%80%bb%e7%bb%93
INFO:root:[*] Craw : https://www.mkernel.com/?page_id=2
INFO:root:[*] Craw : https://www.mkernel.com/?tag=nmap
INFO:root:[*] Craw : https://www.mkernel.com/?page_id=108
INFO:root:[*] Craw : https://www.mkernel.com/?p=157
INFO:root:[*] Craw : https://www.mkernel.com/?page_id=15
INFO:root:[*] Craw : https://www.mkernel.com/?p=63
INFO:root:[*] Craw : https://www.mkernel.com/?p=69
INFO:root:[*] Craw : https://www.mkernel.com/?p=152#respond
INFO:root:[*] Craw : https://www.mkernel.com/?tag=os-x
INFO:root:[*] Craw : https://www.mkernel.com/?p=101#respond
INFO:root:[*] Craw : https://www.mkernel.com/?tag=telegram-robot
INFO:root:[*] Craw : https://www.mkernel.com/?cat=21
INFO:root:[*] Craw : https://www.mkernel.com/?page_id=58#respond
INFO:root:[*] Craw : https://www.mkernel.com/?p=143
INFO:root:[*] Craw : https://www.mkernel.com/?p=69#comments
INFO:root:[*] Craw : https://www.mkernel.com/?p=87
INFO:root:[*] Craw : https://www.mkernel.com/?tag=monitor
INFO:root:[*] Craw : https://www.mkernel.com/?p=69&replytocom=23#respond
INFO:root:[*] Craw : https://www.mkernel.com/?p=157#respond
INFO:root:[*] Craw : https://www.mkernel.com/wp-login.php?action=lostpassword
INFO:root:[*] Craw : https://www.mkernel.com/?page_id=147#respond
INFO:root:[*] Craw : https://www.mkernel.com/?p=69&replytocom=22#respond
INFO:root:[*] Craw : https://www.mkernel.com/?p=69#respond
INFO:root:[*] Craw : https://www.mkernel.com/wp-content/uploads/2017/12/tensorflow-gpu.png
INFO:root:[*] Craw : https://www.mkernel.com/?p=69&replytocom=20#respond
INFO:root:[*] Craw : https://www.mkernel.com/?attachment_id=134#respond
INFO:root:[*] Craw : https://www.mkernel.com/?attachment_id=136#respond
INFO:root:[*] Craw : https://www.mkernel.com/?page_id=108&replytocom=9#respond
INFO:root:[*] Craw : https://www.mkernel.com/?page_id=108#respond
INFO:root:[*] Craw : https://www.mkernel.com/wp-content/uploads/2017/12/CUDA.png
INFO:root:[*] Craw : https://www.mkernel.com/?p=69&replytocom=21#respond
INFO:root:[*] Craw : https://www.mkernel.com/wp-login.php
INFO:root:[*] Craw : https://www.mkernel.com/?attachment_id=134#comment-23
INFO:root:[*] Craw : https://www.mkernel.com/?attachment_id=134#comment-22
INFO:root:[*] Craw : https://www.mkernel.com/?attachment_id=134#comment-20
INFO:root:[*] Craw : https://www.mkernel.com/?attachment_id=158
INFO:root:[*] Craw : https://www.mkernel.com/?p=69&replytocom=24#respond
INFO:root:[*] Craw : https://www.mkernel.com/?attachment_id=158#respond
INFO:root:[*] Craw : https://www.mkernel.com/wp-content/uploads/2017/12/ssh-bruteforce.png
INFO:root:[*] Craw : https://www.mkernel.com/?attachment_id=158#comment-9
INFO:root:[*] Craw : https://www.mkernel.com/?attachment_id=158#comment-21
INFO:root:[*] Craw : https://www.mkernel.com/?attachment_id=158#comment-24
INFO:root:[*] Craw : https://www.mkernel.com
INFO:root:[*] Craw : https://www.mkernel.com
INFO:root:[*] Craw : https://www.mkernel.com/?p=133
INFO:root:[*] Craw : https://www.mkernel.com/?tag=nvidia
INFO:root:[*] Craw : https://www.mkernel.com/?tag=writeup
INFO:root:[*] Craw : https://www.mkernel.com/?tag=paramiko
INFO:root:[*] Craw : https://www.mkernel.com/?tag=tensorflow
INFO:root:[*] Craw : https://www.mkernel.com/?paged=2
INFO:root:[*] Craw : https://www.mkernel.com/?p=152
INFO:root:[*] Craw : https://www.mkernel.com/?p=106#respond
INFO:root:[*] Craw : https://www.mkernel.com/?p=154
INFO:root:[*] Craw : https://www.mkernel.com/?tag=gpu
INFO:root:[*] Craw : https://www.mkernel.com/?tag=go
INFO:root:[*] Craw : https://www.mkernel.com/?p=97
INFO:root:[*] Craw : https://www.mkernel.com/?cat=38
INFO:root:[*] Craw : https://www.mkernel.com/?p=95
INFO:root:[*] Craw : https://www.mkernel.com/?tag=telegram
INFO:root:[*] Craw : https://www.mkernel.com/?cat=35
INFO:root:[*] Craw : https://www.mkernel.com/?tag=machine-learing
INFO:root:[*] Craw : https://www.mkernel.com/?p=12#respond
INFO:root:[*] Craw : https://www.mkernel.com/?p=95#respond
INFO:root:[*] Craw : https://www.mkernel.com/?tag=linux
INFO:root:[*] Craw : https://www.mkernel.com/?tag=pywin32
INFO:root:[*] Craw : https://www.mkernel.com/?p=122
INFO:root:[*] Craw : https://www.mkernel.com/?p=49#respond
INFO:root:[*] Craw : https://www.mkernel.com/?tag=ctf
INFO:root:[*] Craw : https://www.mkernel.com/?cat=6
INFO:root:[*] Craw : https://www.mkernel.com/?cat=4
INFO:root:[*] Craw : https://www.mkernel.com/?cat=5
INFO:root:[*] Craw : https://www.mkernel.com/?cat=3
INFO:root:[*] Craw : https://www.mkernel.com/?page_id=58
INFO:root:[*] Craw : https://www.mkernel.com/?tag=python
INFO:root:[*] Craw : https://www.mkernel.com/?p=122#respond
INFO:root:[*] Craw : https://www.mkernel.com/?p=12
INFO:root:[*] Craw : https://www.mkernel.com/?tag=macos
INFO:root:[*] Craw : https://www.mkernel.com/?p=117#respond
INFO:root:[*] Craw : https://www.mkernel.com/?p=133#respond
INFO:root:[*] Craw : https://www.mkernel.com/?tag=celery
INFO:root:[*] Craw : https://www.mkernel.com/?p=20#respond
INFO:root:[*] Craw : https://www.mkernel.com/?p=63#respond
INFO:root:[*] Craw : https://www.mkernel.com/?cat=25
INFO:root:[*] Craw : https://www.mkernel.com/?p=117
INFO:root:[*] Craw : https://www.mkernel.com/?p=97#respond
INFO:root:[*] Craw : https://www.mkernel.com/?tag=%e7%bd%91%e7%9b%98
INFO:root:[*] Craw : https://www.mkernel.com/wp-admin
INFO:root:[*] Craw : https://www.mkernel.com/?page_id=147
INFO:root:[*] Craw : https://www.mkernel.com/
INFO:root:[*] Craw : https://www.mkernel.com/?p=20
INFO:root:[*] Craw : https://www.mkernel.com/?tag=machine-learning
INFO:root:[*] Craw : https://www.mkernel.com/wp-content/uploads/2017/12/reboot.mp4
INFO:root:[*] Craw : https://www.mkernel.com/?attachment_id=136
INFO:root:[*] Craw : https://www.mkernel.com/?attachment_id=135
INFO:root:[*] Craw : https://www.mkernel.com/?attachment_id=134
INFO:root:[*] Craw : https://www.mkernel.com/?tag=web-security
INFO:root:[*] Craw : https://www.mkernel.com/?tag=knn
INFO:root:[*] Craw : https://www.mkernel.com/?tag=https%e8%af%81%e4%b9%a6
INFO:root:[*] Craw : https://www.mkernel.com/?p=101
INFO:root:[*] Craw : https://www.mkernel.com/?p=106
INFO:root:[*] Craw : https://www.mkernel.com/?tag=web-vulnerability-scanner
INFO:root:[*] Craw : https://www.mkernel.com/?p=143#respond
INFO:root:[*] Craw : https://www.mkernel.com/?tag=ssh-bruteforce
INFO:root:[*] Craw : https://www.mkernel.com/?attachment_id=135#respond
INFO:root:[*] Craw : https://www.mkernel.com/?tag=ics
INFO:root:[*] Craw : https://www.mkernel.com/?tag=web%e5%ae%89%e5%85%a8
INFO:root:[*] Craw : https://www.mkernel.com/?p=154#respond
INFO:root:[*] Craw : https://www.mkernel.com/?page_id=24
INFO:root:[*] Craw : https://www.mkernel.com/?feed=rss2
INFO:root:[*] Craw : https://www.mkernel.com/?p=49
INFO:root:[*] Craw : https://www.mkernel.com/?tag=open-source
INFO:root:[*] Craw : https://www.mkernel.com/?tag=flask
INFO:root:[*] Craw : https://www.mkernel.com/?tag=libnmap
INFO:root:[*] Craw : https://www.mkernel.com/?tag=zbar
INFO:root:[*] Craw : https://www.mkernel.com/?page_id=24#respond
INFO:root:[*] Craw : https://www.mkernel.com/wp-content/uploads/2017/12/cudnn.png
INFO:root:[*] Craw : https://www.mkernel.com/?p=87#respond
INFO:root:[*] Craw : https://www.mkernel.com/?tag=%e6%80%bb%e7%bb%93
INFO:root:[*] Craw : https://www.mkernel.com/?page_id=2
INFO:root:[*] Craw : https://www.mkernel.com/?tag=nmap
INFO:root:[*] Craw : https://www.mkernel.com/?page_id=108
INFO:root:[*] Craw : https://www.mkernel.com/?p=157
INFO:root:[*] Craw : https://www.mkernel.com/?page_id=15
INFO:root:[*] Craw : https://www.mkernel.com/?p=63
INFO:root:[*] Craw : https://www.mkernel.com/?p=69
INFO:root:[*] Craw : https://www.mkernel.com/?p=152#respond
INFO:root:[*] Craw : https://www.mkernel.com/?tag=os-x
INFO:root:[*] Craw : https://www.mkernel.com/?p=101#respond
INFO:root:[*] Craw : https://www.mkernel.com/?tag=telegram-robot
INFO:root:[*] Craw : https://www.mkernel.com/?cat=21
INFO:root:[*] Craw : https://www.mkernel.com/?page_id=58#respond
INFO:root:[*] Craw : https://www.mkernel.com/?p=143
INFO:root:[*] Craw : https://www.mkernel.com/?p=69#comments
INFO:root:[*] Craw : https://www.mkernel.com/?p=87
INFO:root:[*] Craw : https://www.mkernel.com/?tag=monitor
INFO:root:[*] Craw : https://www.mkernel.com/?p=69&replytocom=23#respond
INFO:root:[*] Craw : https://www.mkernel.com/?p=157#respond
INFO:root:[*] Craw : https://www.mkernel.com/wp-login.php?action=lostpassword
INFO:root:[*] Craw : https://www.mkernel.com/?page_id=147#respond
INFO:root:[*] Craw : https://www.mkernel.com/?p=69&replytocom=22#respond
INFO:root:[*] Craw : https://www.mkernel.com/?p=69#respond
INFO:root:[*] Craw : https://www.mkernel.com/wp-content/uploads/2017/12/tensorflow-gpu.png
INFO:root:[*] Craw : https://www.mkernel.com/?p=69&replytocom=20#respond
INFO:root:[*] Craw : https://www.mkernel.com/?attachment_id=134#respond
INFO:root:[*] Craw : https://www.mkernel.com/?attachment_id=136#respond
INFO:root:[*] Craw : https://www.mkernel.com/?page_id=108&replytocom=9#respond
INFO:root:[*] Craw : https://www.mkernel.com/?page_id=108#respond
INFO:root:[*] Craw : https://www.mkernel.com/wp-content/uploads/2017/12/CUDA.png
INFO:root:[*] Craw : https://www.mkernel.com/?p=69&replytocom=21#respond
INFO:root:[*] Craw : https://www.mkernel.com/wp-login.php
INFO:root:[*] Craw : https://www.mkernel.com/?attachment_id=134#comment-23
INFO:root:[*] Craw : https://www.mkernel.com/?attachment_id=134#comment-22
INFO:root:[*] Craw : https://www.mkernel.com/?attachment_id=134#comment-20
INFO:root:[*] Craw : https://www.mkernel.com/?attachment_id=158
INFO:root:[*] Craw : https://www.mkernel.com/?p=69&replytocom=24#respond
INFO:root:[*] Craw : https://www.mkernel.com/?attachment_id=158#respond
INFO:root:[*] Craw : https://www.mkernel.com/wp-content/uploads/2017/12/ssh-bruteforce.png
INFO:root:[*] Craw : https://www.mkernel.com/?attachment_id=158#comment-9
INFO:root:[*] Craw : https://www.mkernel.com/?attachment_id=158#comment-21
INFO:root:[*] Craw : https://www.mkernel.com/?attachment_id=158#comment-24
INFO:root:[*] Craw : https://www.mkernel.com
INFO:root:[*] Craw : https://www.mkernel.com/?p=133
INFO:root:[*] Craw : https://www.mkernel.com/?tag=nvidia
INFO:root:[*] Craw : https://www.mkernel.com/?tag=writeup
INFO:root:[*] Craw : https://www.mkernel.com/?tag=paramiko
INFO:root:[*] Craw : https://www.mkernel.com/?tag=tensorflow
INFO:root:[*] Craw : https://www.mkernel.com/?paged=2
INFO:root:[*] Craw : https://www.mkernel.com/?p=152
INFO:root:[*] Craw : https://www.mkernel.com/?p=106#respond
INFO:root:[*] Craw : https://www.mkernel.com/?p=154
INFO:root:[*] Craw : https://www.mkernel.com/?tag=gpu
INFO:root:[*] Craw : https://www.mkernel.com/?tag=go
INFO:root:[*] Craw : https://www.mkernel.com/?p=97
INFO:root:[*] Craw : https://www.mkernel.com/?cat=38
INFO:root:[*] Craw : https://www.mkernel.com/?p=95
INFO:root:[*] Craw : https://www.mkernel.com/?tag=telegram
INFO:root:[*] Craw : https://www.mkernel.com/?cat=35
INFO:root:[*] Craw : https://www.mkernel.com/?tag=machine-learing
INFO:root:[*] Craw : https://www.mkernel.com/?p=12#respond
INFO:root:[*] Craw : https://www.mkernel.com/?p=95#respond
INFO:root:[*] Craw : https://www.mkernel.com/?tag=linux
INFO:root:[*] Craw : https://www.mkernel.com/?tag=pywin32
INFO:root:[*] Craw : https://www.mkernel.com/?p=122
INFO:root:[*] Craw : https://www.mkernel.com/?p=49#respond
INFO:root:[*] Craw : https://www.mkernel.com/?tag=ctf
INFO:root:[*] Craw : https://www.mkernel.com/?cat=6
INFO:root:[*] Craw : https://www.mkernel.com/?cat=4
INFO:root:[*] Craw : https://www.mkernel.com/?cat=5
INFO:root:[*] Craw : https://www.mkernel.com/?cat=3
INFO:root:[*] Craw : https://www.mkernel.com/?page_id=58
INFO:root:[*] Craw : https://www.mkernel.com/?tag=python
INFO:root:[*] Craw : https://www.mkernel.com/?p=122#respond
INFO:root:[*] Craw : https://www.mkernel.com/?p=12
INFO:root:[*] Craw : https://www.mkernel.com/?tag=macos
INFO:root:[*] Craw : https://www.mkernel.com/?p=117#respond
INFO:root:[*] Craw : https://www.mkernel.com/?p=133#respond
INFO:root:[*] Craw : https://www.mkernel.com/?tag=celery
INFO:root:[*] Craw : https://www.mkernel.com/?p=20#respond
INFO:root:[*] Craw : https://www.mkernel.com/?p=63#respond
INFO:root:[*] Craw : https://www.mkernel.com/?cat=25
INFO:root:[*] Craw : https://www.mkernel.com/?p=117
INFO:root:[*] Craw : https://www.mkernel.com/?p=97#respond
INFO:root:[*] Craw : https://www.mkernel.com/?tag=%e7%bd%91%e7%9b%98
INFO:root:[*] Craw : https://www.mkernel.com/wp-admin
INFO:root:[*] Craw : https://www.mkernel.com/?page_id=147
INFO:root:[*] Craw : https://www.mkernel.com/
INFO:root:[*] Craw : https://www.mkernel.com/?p=20
INFO:root:[*] Craw : https://www.mkernel.com/?tag=machine-learning
INFO:root:[*] Craw : https://www.mkernel.com/wp-content/uploads/2017/12/reboot.mp4
INFO:root:[*] Craw : https://www.mkernel.com/?attachment_id=136
INFO:root:[*] Craw : https://www.mkernel.com/?attachment_id=135
INFO:root:[*] Craw : https://www.mkernel.com/?attachment_id=134
INFO:root:[*] Craw : https://www.mkernel.com/?tag=web-security
INFO:root:[*] Craw : https://www.mkernel.com/?tag=knn
INFO:root:[*] Craw : https://www.mkernel.com/?tag=https%e8%af%81%e4%b9%a6
INFO:root:[*] Craw : https://www.mkernel.com/?p=101
INFO:root:[*] Craw : https://www.mkernel.com/?p=106
INFO:root:[*] Craw : https://www.mkernel.com/?tag=web-vulnerability-scanner
INFO:root:[*] Craw : https://www.mkernel.com/?p=143#respond
INFO:root:[*] Craw : https://www.mkernel.com/?tag=ssh-bruteforce
INFO:root:[*] Craw : https://www.mkernel.com/?attachment_id=135#respond
INFO:root:[*] Craw : https://www.mkernel.com/?tag=ics
INFO:root:[*] Craw : https://www.mkernel.com/?tag=web%e5%ae%89%e5%85%a8
INFO:root:[*] Craw : https://www.mkernel.com/?p=154#respond
INFO:root:[*] Craw : https://www.mkernel.com/?page_id=24
INFO:root:[*] Craw : https://www.mkernel.com/?feed=rss2
INFO:root:[*] Craw : https://www.mkernel.com/?p=49
INFO:root:[*] Craw : https://www.mkernel.com/?tag=open-source
INFO:root:[*] Craw : https://www.mkernel.com/?tag=flask
INFO:root:[*] Craw : https://www.mkernel.com/?tag=libnmap
INFO:root:[*] Craw : https://www.mkernel.com/?tag=zbar
INFO:root:[*] Craw : https://www.mkernel.com/?page_id=24#respond
INFO:root:[*] Craw : https://www.mkernel.com/wp-content/uploads/2017/12/cudnn.png
INFO:root:[*] Craw : https://www.mkernel.com/?p=87#respond
INFO:root:[*] Craw : https://www.mkernel.com/?tag=%e6%80%bb%e7%bb%93
INFO:root:[*] Craw : https://www.mkernel.com/?page_id=2
INFO:root:[*] Craw : https://www.mkernel.com/?tag=nmap
INFO:root:[*] Craw : https://www.mkernel.com/?page_id=108
INFO:root:[*] Craw : https://www.mkernel.com/?p=157
INFO:root:[*] Craw : https://www.mkernel.com/?page_id=15
INFO:root:[*] Craw : https://www.mkernel.com/?p=63
INFO:root:[*] Craw : https://www.mkernel.com/?p=69
INFO:root:[*] Craw : https://www.mkernel.com/?p=152#respond
INFO:root:[*] Craw : https://www.mkernel.com/?tag=os-x
INFO:root:[*] Craw : https://www.mkernel.com/?p=101#respond
INFO:root:[*] Craw : https://www.mkernel.com/?tag=telegram-robot
INFO:root:[*] Craw : https://www.mkernel.com/?cat=21
INFO:root:[*] Craw : https://www.mkernel.com/?page_id=58#respond
INFO:root:[*] Craw : https://www.mkernel.com/?p=143
INFO:root:[*] Craw : https://www.mkernel.com/?p=69#comments
INFO:root:[*] Craw : https://www.mkernel.com/?p=87
INFO:root:[*] Craw : https://www.mkernel.com
INFO:root:[*] Craw : https://www.mkernel.com/?tag=telegram-robot
INFO:root:[*] Craw : https://www.mkernel.com/?p=97#respond
INFO:root:[*] Craw : https://www.mkernel.com/?p=122#respond
INFO:root:[*] Craw : https://www.mkernel.com/?tag=zbar
INFO:root:[*] Craw : https://www.mkernel.com/?p=106#respond
INFO:root:[*] Craw : https://www.mkernel.com/?tag=paramiko
INFO:root:[*] Craw : https://www.mkernel.com/?cat=21
INFO:root:[*] Craw : https://www.mkernel.com/?p=12
INFO:root:[*] Craw : https://www.mkernel.com/?p=87
INFO:root:[*] Craw : https://www.mkernel.com/?paged=2
INFO:root:[*] Craw : https://www.mkernel.com/?tag=https%e8%af%81%e4%b9%a6
INFO:root:[*] Craw : https://www.mkernel.com/?p=97
INFO:root:[*] Craw : https://www.mkernel.com/?p=87#respond
INFO:root:[*] Craw : https://www.mkernel.com/?tag=telegram
INFO:root:[*] Craw : https://www.mkernel.com/?tag=os-x
INFO:root:[*] Craw : https://www.mkernel.com/?tag=open-source
INFO:root:[*] Craw : https://www.mkernel.com/?tag=machine-learning
INFO:root:[*] Craw : https://www.mkernel.com/?p=49
INFO:root:[*] Craw : https://www.mkernel.com/?p=20#respond
INFO:root:[*] Craw : https://www.mkernel.com/?p=133
INFO:root:[*] Craw : https://www.mkernel.com/?p=152#respond
INFO:root:[*] Craw : https://www.mkernel.com/?tag=web-vulnerability-scanner
INFO:root:[*] Craw : https://www.mkernel.com/?p=154#respond
INFO:root:[*] Craw : https://www.mkernel.com/?page_id=2
INFO:root:[*] Craw : https://www.mkernel.com/?p=20
INFO:root:[*] Craw : https://www.mkernel.com/?tag=go
INFO:root:[*] Craw : https://www.mkernel.com/?attachment_id=134
INFO:root:[*] Craw : https://www.mkernel.com/?p=95
INFO:root:[*] Craw : https://www.mkernel.com/?p=63#respond
INFO:root:[*] Craw : https://www.mkernel.com/?tag=ics
INFO:root:[*] Craw : https://www.mkernel.com/
INFO:root:[*] Craw : https://www.mkernel.com/wp-content/uploads/2017/12/reboot.mp4
INFO:root:[*] Craw : https://www.mkernel.com/?tag=celery
INFO:root:[*] Craw : https://www.mkernel.com/?tag=writeup
INFO:root:[*] Craw : https://www.mkernel.com/?page_id=108
INFO:root:[*] Craw : https://www.mkernel.com/?cat=4
INFO:root:[*] Craw : https://www.mkernel.com/?p=133#respond
INFO:root:[*] Craw : https://www.mkernel.com/?p=154
INFO:root:[*] Craw : https://www.mkernel.com/?cat=5
INFO:root:[*] Craw : https://www.mkernel.com/?tag=monitor
INFO:root:[*] Craw : https://www.mkernel.com/?tag=flask
INFO:root:[*] Craw : https://www.mkernel.com/?tag=knn
INFO:root:[*] Craw : https://www.mkernel.com/?tag=pywin32
INFO:root:[*] Craw : https://www.mkernel.com/?p=63
INFO:root:[*] Craw : https://www.mkernel.com/?cat=35
INFO:root:[*] Craw : https://www.mkernel.com/?cat=6
INFO:root:[*] Craw : https://www.mkernel.com/?attachment_id=136
INFO:root:[*] Craw : https://www.mkernel.com/?p=157
INFO:root:[*] Craw : https://www.mkernel.com/?tag=linux
INFO:root:[*] Craw : https://www.mkernel.com/?tag=%e6%80%bb%e7%bb%93
